[2018-11-19T15:32:31.140] [INFO] http - ::1 - - "GET / HTTP/1.1" 200 6 "" "Mozilla/5.0 (Windows NT 10.0; WOW64) AppleWebKit/537.36 (KHTML, like Gecko) Chrome/69.0.3497.100 Safari/537.36"
[2018-11-19T15:32:47.655] [INFO] http - ::1 - - "GET / HTTP/1.1" 200 6 "" "Mozilla/5.0 (Windows NT 10.0; WOW64) AppleWebKit/537.36 (KHTML, like Gecko) Chrome/69.0.3497.100 Safari/537.36"
[2018-11-19T15:32:48.431] [INFO] http - ::1 - - "GET / HTTP/1.1" 200 6 "" "Mozilla/5.0 (Windows NT 10.0; WOW64) AppleWebKit/537.36 (KHTML, like Gecko) Chrome/69.0.3497.100 Safari/537.36"
[2018-11-19T15:32:48.810] [INFO] http - ::1 - - "GET / HTTP/1.1" 200 6 "" "Mozilla/5.0 (Windows NT 10.0; WOW64) AppleWebKit/537.36 (KHTML, like Gecko) Chrome/69.0.3497.100 Safari/537.36"
[2018-11-19T15:32:49.001] [INFO] http - ::1 - - "GET / HTTP/1.1" 200 6 "" "Mozilla/5.0 (Windows NT 10.0; WOW64) AppleWebKit/537.36 (KHTML, like Gecko) Chrome/69.0.3497.100 Safari/537.36"
[2018-11-19T15:32:49.202] [INFO] http - ::1 - - "GET / HTTP/1.1" 200 6 "" "Mozilla/5.0 (Windows NT 10.0; WOW64) AppleWebKit/537.36 (KHTML, like Gecko) Chrome/69.0.3497.100 Safari/537.36"
[2018-11-19T15:33:04.974] [INFO] http - ::1 - - "GET / HTTP/1.1" 200 6 "" "Mozilla/5.0 (Windows NT 10.0; WOW64) AppleWebKit/537.36 (KHTML, like Gecko) Chrome/69.0.3497.100 Safari/537.36"
[2018-11-19T15:33:05.996] [INFO] http - ::1 - - "GET / HTTP/1.1" 200 6 "" "Mozilla/5.0 (Windows NT 10.0; WOW64) AppleWebKit/537.36 (KHTML, like Gecko) Chrome/69.0.3497.100 Safari/537.36"
[2018-11-19T15:33:06.349] [INFO] http - ::1 - - "GET / HTTP/1.1" 200 6 "" "Mozilla/5.0 (Windows NT 10.0; WOW64) AppleWebKit/537.36 (KHTML, like Gecko) Chrome/69.0.3497.100 Safari/537.36"
[2018-11-19T15:33:06.537] [INFO] http - ::1 - - "GET / HTTP/1.1" 200 6 "" "Mozilla/5.0 (Windows NT 10.0; WOW64) AppleWebKit/537.36 (KHTML, like Gecko) Chrome/69.0.3497.100 Safari/537.36"
[2018-11-19T15:33:06.729] [INFO] http - ::1 - - "GET / HTTP/1.1" 200 6 "" "Mozilla/5.0 (Windows NT 10.0; WOW64) AppleWebKit/537.36 (KHTML, like Gecko) Chrome/69.0.3497.100 Safari/537.36"
[2018-11-19T15:44:47.817] [INFO] http - ::1 - - "GET /aa HTTP/1.1" 200 6 "" "Mozilla/5.0 (Windows NT 10.0; WOW64) AppleWebKit/537.36 (KHTML, like Gecko) Chrome/69.0.3497.100 Safari/537.36"
[2018-11-19T15:45:22.658] [INFO] http - ::1 - - "GET /aa HTTP/1.1" 200 6 "" "Mozilla/5.0 (Windows NT 10.0; WOW64) AppleWebKit/537.36 (KHTML, like Gecko) Chrome/69.0.3497.100 Safari/537.36"
[2018-11-19T15:45:33.067] [INFO] http - ::1 - - "GET / HTTP/1.1" 200 284 "" "Mozilla/5.0 (Windows NT 10.0; WOW64) AppleWebKit/537.36 (KHTML, like Gecko) Chrome/69.0.3497.100 Safari/537.36"
[2018-11-19T15:45:49.485] [INFO] http - ::1 - - "GET /js/ HTTP/1.1" 200 6 "" "Mozilla/5.0 (Windows NT 10.0; WOW64) AppleWebKit/537.36 (KHTML, like Gecko) Chrome/69.0.3497.100 Safari/537.36"
[2018-11-19T15:45:52.427] [INFO] http - ::1 - - "GET /js/index HTTP/1.1" 200 6 "" "Mozilla/5.0 (Windows NT 10.0; WOW64) AppleWebKit/537.36 (KHTML, like Gecko) Chrome/69.0.3497.100 Safari/537.36"
[2018-11-19T15:45:54.820] [INFO] http - ::1 - - "GET /js/index.js HTTP/1.1" 200 42 "" "Mozilla/5.0 (Windows NT 10.0; WOW64) AppleWebKit/537.36 (KHTML, like Gecko) Chrome/69.0.3497.100 Safari/537.36"
[2018-11-19T15:45:55.970] [INFO] http - ::1 - - "GET /js/index.js HTTP/1.1" 200 42 "" "Mozilla/5.0 (Windows NT 10.0; WOW64) AppleWebKit/537.36 (KHTML, like Gecko) Chrome/69.0.3497.100 Safari/537.36"
[2018-11-19T15:57:54.062] [INFO] http - ::1 - - "GET / HTTP/1.1" 200 284 "" "Mozilla/5.0 (Windows NT 10.0; WOW64) AppleWebKit/537.36 (KHTML, like Gecko) Chrome/69.0.3497.100 Safari/537.36"
[2018-11-19T15:57:59.835] [INFO] http - ::1 - - "GET / HTTP/1.1" 200 284 "" "Mozilla/5.0 (Windows NT 10.0; WOW64) AppleWebKit/537.36 (KHTML, like Gecko) Chrome/69.0.3497.100 Safari/537.36"
[2018-11-19T15:58:00.668] [INFO] http - ::1 - - "GET / HTTP/1.1" 200 284 "" "Mozilla/5.0 (Windows NT 10.0; WOW64) AppleWebKit/537.36 (KHTML, like Gecko) Chrome/69.0.3497.100 Safari/537.36"
[2018-11-19T15:58:09.901] [INFO] http - ::1 - - "GET / HTTP/1.1" 200 284 "" "Mozilla/5.0 (Windows NT 10.0; WOW64) AppleWebKit/537.36 (KHTML, like Gecko) Chrome/69.0.3497.100 Safari/537.36"
[2018-11-19T15:58:10.557] [INFO] http - ::1 - - "GET / HTTP/1.1" 200 284 "" "Mozilla/5.0 (Windows NT 10.0; WOW64) AppleWebKit/537.36 (KHTML, like Gecko) Chrome/69.0.3497.100 Safari/537.36"
[2018-11-19T15:58:16.476] [INFO] http - ::1 - - "GET /js/index.js HTTP/1.1" 200 42 "" "Mozilla/5.0 (Windows NT 10.0; WOW64) AppleWebKit/537.36 (KHTML, like Gecko) Chrome/69.0.3497.100 Safari/537.36"
[2018-11-19T15:58:35.310] [INFO] http - ::1 - - "GET /js/index.js HTTP/1.1" 200 42 "" "Mozilla/5.0 (Windows NT 10.0; WOW64) AppleWebKit/537.36 (KHTML, like Gecko) Chrome/69.0.3497.100 Safari/537.36"
[2018-11-19T15:58:42.486] [INFO] http - ::1 - - "GET /js/index.js HTTP/1.1" 200 42 "" "Mozilla/5.0 (Windows NT 10.0; WOW64) AppleWebKit/537.36 (KHTML, like Gecko) Chrome/69.0.3497.100 Safari/537.36"
[2018-11-19T15:58:54.105] [INFO] http - ::1 - - "GET / HTTP/1.1" 200 284 "" "Mozilla/5.0 (Windows NT 10.0; WOW64) AppleWebKit/537.36 (KHTML, like Gecko) Chrome/69.0.3497.100 Safari/537.36"
[2018-11-19T15:59:59.254] [INFO] http - ::1 - - "GET / HTTP/1.1" 200 284 "" "Mozilla/5.0 (Windows NT 10.0; WOW64) AppleWebKit/537.36 (KHTML, like Gecko) Chrome/69.0.3497.100 Safari/537.36"
