[2018-11-19T16:00:01.676] [INFO] http - ::1 - - "GET / HTTP/1.1" 200 284 "" "Mozilla/5.0 (Windows NT 10.0; WOW64) AppleWebKit/537.36 (KHTML, like Gecko) Chrome/69.0.3497.100 Safari/537.36"
[2018-11-19T16:00:22.530] [INFO] http - ::1 - - "GET / HTTP/1.1" 200 284 "" "Mozilla/5.0 (Windows NT 10.0; WOW64) AppleWebKit/537.36 (KHTML, like Gecko) Chrome/69.0.3497.100 Safari/537.36"
[2018-11-19T16:00:23.337] [INFO] http - ::1 - - "GET / HTTP/1.1" 200 284 "" "Mozilla/5.0 (Windows NT 10.0; WOW64) AppleWebKit/537.36 (KHTML, like Gecko) Chrome/69.0.3497.100 Safari/537.36"
[2018-11-19T16:00:46.409] [INFO] http - ::1 - - "GET / HTTP/1.1" 200 284 "" "Mozilla/5.0 (Windows NT 10.0; WOW64) AppleWebKit/537.36 (KHTML, like Gecko) Chrome/69.0.3497.100 Safari/537.36"
[2018-11-19T16:01:00.473] [INFO] http - ::1 - - "GET / HTTP/1.1" 200 284 "" "Mozilla/5.0 (Windows NT 10.0; WOW64) AppleWebKit/537.36 (KHTML, like Gecko) Chrome/69.0.3497.100 Safari/537.36"
[2018-11-19T16:01:01.397] [INFO] http - ::1 - - "GET / HTTP/1.1" 200 284 "" "Mozilla/5.0 (Windows NT 10.0; WOW64) AppleWebKit/537.36 (KHTML, like Gecko) Chrome/69.0.3497.100 Safari/537.36"
[2018-11-19T16:01:58.283] [INFO] http - ::1 - - "GET / HTTP/1.1" 200 284 "" "Mozilla/5.0 (Windows NT 10.0; WOW64) AppleWebKit/537.36 (KHTML, like Gecko) Chrome/69.0.3497.100 Safari/537.36"
[2018-11-19T16:01:59.017] [INFO] http - ::1 - - "GET / HTTP/1.1" 200 284 "" "Mozilla/5.0 (Windows NT 10.0; WOW64) AppleWebKit/537.36 (KHTML, like Gecko) Chrome/69.0.3497.100 Safari/537.36"
[2018-11-19T16:02:14.385] [INFO] http - ::1 - - "GET /index HTTP/1.1" 200 6 "" "Mozilla/5.0 (Windows NT 10.0; WOW64) AppleWebKit/537.36 (KHTML, like Gecko) Chrome/69.0.3497.100 Safari/537.36"
[2018-11-19T16:02:16.030] [INFO] http - ::1 - - "GET /asdf HTTP/1.1" 200 6 "" "Mozilla/5.0 (Windows NT 10.0; WOW64) AppleWebKit/537.36 (KHTML, like Gecko) Chrome/69.0.3497.100 Safari/537.36"
[2018-11-19T16:02:17.419] [INFO] http - ::1 - - "GET /asdf HTTP/1.1" 200 6 "" "Mozilla/5.0 (Windows NT 10.0; WOW64) AppleWebKit/537.36 (KHTML, like Gecko) Chrome/69.0.3497.100 Safari/537.36"
[2018-11-19T16:02:25.024] [INFO] http - ::1 - - "GET / HTTP/1.1" 200 284 "" "Mozilla/5.0 (Windows NT 10.0; WOW64) AppleWebKit/537.36 (KHTML, like Gecko) Chrome/69.0.3497.100 Safari/537.36"
[2018-11-19T16:02:32.418] [INFO] http - ::1 - - "GET / HTTP/1.1" 200 284 "" "Mozilla/5.0 (Windows NT 10.0; WOW64) AppleWebKit/537.36 (KHTML, like Gecko) Chrome/69.0.3497.100 Safari/537.36"
[2018-11-19T16:02:33.371] [INFO] http - ::1 - - "GET / HTTP/1.1" 200 284 "" "Mozilla/5.0 (Windows NT 10.0; WOW64) AppleWebKit/537.36 (KHTML, like Gecko) Chrome/69.0.3497.100 Safari/537.36"
[2018-11-19T16:02:34.106] [INFO] http - ::1 - - "GET / HTTP/1.1" 200 284 "" "Mozilla/5.0 (Windows NT 10.0; WOW64) AppleWebKit/537.36 (KHTML, like Gecko) Chrome/69.0.3497.100 Safari/537.36"
[2018-11-19T16:02:34.661] [INFO] http - ::1 - - "GET / HTTP/1.1" 200 284 "" "Mozilla/5.0 (Windows NT 10.0; WOW64) AppleWebKit/537.36 (KHTML, like Gecko) Chrome/69.0.3497.100 Safari/537.36"
[2018-11-19T16:04:02.945] [INFO] http - ::1 - - "GET / HTTP/1.1" 200 284 "" "Mozilla/5.0 (Windows NT 10.0; WOW64) AppleWebKit/537.36 (KHTML, like Gecko) Chrome/69.0.3497.100 Safari/537.36"
[2018-11-19T16:04:06.196] [INFO] http - ::1 - - "GET / HTTP/1.1" 200 284 "" "Mozilla/5.0 (Windows NT 10.0; WOW64) AppleWebKit/537.36 (KHTML, like Gecko) Chrome/69.0.3497.100 Safari/537.36"
[2018-11-19T16:04:16.365] [INFO] http - ::1 - - "GET /index.html HTTP/1.1" 200 284 "" "Mozilla/5.0 (Windows NT 10.0; WOW64) AppleWebKit/537.36 (KHTML, like Gecko) Chrome/69.0.3497.100 Safari/537.36"
[2018-11-19T16:04:17.561] [INFO] http - ::1 - - "GET /index.html HTTP/1.1" 200 284 "" "Mozilla/5.0 (Windows NT 10.0; WOW64) AppleWebKit/537.36 (KHTML, like Gecko) Chrome/69.0.3497.100 Safari/537.36"
[2018-11-19T16:04:27.837] [INFO] http - ::1 - - "GET /js/index.js HTTP/1.1" 200 42 "" "Mozilla/5.0 (Windows NT 10.0; WOW64) AppleWebKit/537.36 (KHTML, like Gecko) Chrome/69.0.3497.100 Safari/537.36"
[2018-11-19T16:04:29.107] [INFO] http - ::1 - - "GET /js/index.js HTTP/1.1" 200 42 "" "Mozilla/5.0 (Windows NT 10.0; WOW64) AppleWebKit/537.36 (KHTML, like Gecko) Chrome/69.0.3497.100 Safari/537.36"
[2018-11-19T16:04:39.294] [INFO] http - ::1 - - "GET /asdfsaf HTTP/1.1" 200 6 "" "Mozilla/5.0 (Windows NT 10.0; WOW64) AppleWebKit/537.36 (KHTML, like Gecko) Chrome/69.0.3497.100 Safari/537.36"
[2018-11-19T16:05:25.499] [INFO] http - ::1 - - "GET /asdfsaf HTTP/1.1" 200 6 "" "Mozilla/5.0 (Windows NT 10.0; WOW64) AppleWebKit/537.36 (KHTML, like Gecko) Chrome/69.0.3497.100 Safari/537.36"
[2018-11-19T16:05:26.841] [INFO] http - ::1 - - "GET /asdfsaf HTTP/1.1" 200 6 "" "Mozilla/5.0 (Windows NT 10.0; WOW64) AppleWebKit/537.36 (KHTML, like Gecko) Chrome/69.0.3497.100 Safari/537.36"
[2018-11-19T16:05:31.771] [INFO] http - ::1 - - "GET / HTTP/1.1" 200 - "" "Mozilla/5.0 (Windows NT 10.0; WOW64) AppleWebKit/537.36 (KHTML, like Gecko) Chrome/69.0.3497.100 Safari/537.36"
[2018-11-19T16:05:39.317] [INFO] http - ::1 - - "GET / HTTP/1.1" 200 - "" "Mozilla/5.0 (Windows NT 10.0; WOW64) AppleWebKit/537.36 (KHTML, like Gecko) Chrome/69.0.3497.100 Safari/537.36"
[2018-11-19T16:06:04.544] [INFO] http - ::1 - - "GET /index HTTP/1.1" 200 6 "" "Mozilla/5.0 (Windows NT 10.0; WOW64) AppleWebKit/537.36 (KHTML, like Gecko) Chrome/69.0.3497.100 Safari/537.36"
[2018-11-19T16:06:08.629] [INFO] http - ::1 - - "GET /index HTTP/1.1" 200 6 "" "Mozilla/5.0 (Windows NT 10.0; WOW64) AppleWebKit/537.36 (KHTML, like Gecko) Chrome/69.0.3497.100 Safari/537.36"
[2018-11-19T16:06:26.980] [INFO] http - ::1 - - "GET /asdf HTTP/1.1" 200 6 "" "Mozilla/5.0 (Windows NT 10.0; WOW64) AppleWebKit/537.36 (KHTML, like Gecko) Chrome/69.0.3497.100 Safari/537.36"
[2018-11-19T16:07:02.100] [INFO] http - ::1 - - "GET /asdf HTTP/1.1" 200 6 "" "Mozilla/5.0 (Windows NT 10.0; WOW64) AppleWebKit/537.36 (KHTML, like Gecko) Chrome/69.0.3497.100 Safari/537.36"
[2018-11-19T16:07:09.331] [INFO] http - ::1 - - "GET / HTTP/1.1" 200 284 "" "Mozilla/5.0 (Windows NT 10.0; WOW64) AppleWebKit/537.36 (KHTML, like Gecko) Chrome/69.0.3497.100 Safari/537.36"
[2018-11-19T16:07:22.510] [INFO] http - ::1 - - "GET / HTTP/1.1" 200 284 "" "Mozilla/5.0 (Windows NT 10.0; WOW64) AppleWebKit/537.36 (KHTML, like Gecko) Chrome/69.0.3497.100 Safari/537.36"
[2018-11-19T16:07:23.645] [INFO] http - ::1 - - "GET / HTTP/1.1" 200 284 "" "Mozilla/5.0 (Windows NT 10.0; WOW64) AppleWebKit/537.36 (KHTML, like Gecko) Chrome/69.0.3497.100 Safari/537.36"
[2018-11-19T16:07:24.508] [INFO] http - ::1 - - "GET / HTTP/1.1" 200 284 "" "Mozilla/5.0 (Windows NT 10.0; WOW64) AppleWebKit/537.36 (KHTML, like Gecko) Chrome/69.0.3497.100 Safari/537.36"
[2018-11-19T16:07:42.612] [INFO] http - ::1 - - "GET / HTTP/1.1" 200 284 "" "Mozilla/5.0 (Windows NT 10.0; WOW64) AppleWebKit/537.36 (KHTML, like Gecko) Chrome/69.0.3497.100 Safari/537.36"
[2018-11-19T16:07:43.517] [INFO] http - ::1 - - "GET / HTTP/1.1" 200 284 "" "Mozilla/5.0 (Windows NT 10.0; WOW64) AppleWebKit/537.36 (KHTML, like Gecko) Chrome/69.0.3497.100 Safari/537.36"
[2018-11-19T16:07:44.412] [INFO] http - ::1 - - "GET / HTTP/1.1" 200 284 "" "Mozilla/5.0 (Windows NT 10.0; WOW64) AppleWebKit/537.36 (KHTML, like Gecko) Chrome/69.0.3497.100 Safari/537.36"
[2018-11-19T16:08:19.042] [INFO] http - ::1 - - "GET /asdf HTTP/1.1" 200 6 "" "Mozilla/5.0 (Windows NT 10.0; WOW64) AppleWebKit/537.36 (KHTML, like Gecko) Chrome/69.0.3497.100 Safari/537.36"
[2018-11-19T16:08:29.427] [INFO] http - ::1 - - "GET /asdf HTTP/1.1" 200 6 "" "Mozilla/5.0 (Windows NT 10.0; WOW64) AppleWebKit/537.36 (KHTML, like Gecko) Chrome/69.0.3497.100 Safari/537.36"
[2018-11-19T16:08:30.012] [INFO] http - ::1 - - "GET /asdf HTTP/1.1" 200 6 "" "Mozilla/5.0 (Windows NT 10.0; WOW64) AppleWebKit/537.36 (KHTML, like Gecko) Chrome/69.0.3497.100 Safari/537.36"
[2018-11-19T16:09:52.621] [INFO] http - ::1 - - "GET / HTTP/1.1" 200 284 "" "Mozilla/5.0 (Windows NT 10.0; WOW64) AppleWebKit/537.36 (KHTML, like Gecko) Chrome/69.0.3497.100 Safari/537.36"
[2018-11-19T16:09:54.451] [INFO] http - ::1 - - "GET / HTTP/1.1" 200 284 "" "Mozilla/5.0 (Windows NT 10.0; WOW64) AppleWebKit/537.36 (KHTML, like Gecko) Chrome/69.0.3497.100 Safari/537.36"
[2018-11-19T16:09:57.589] [INFO] http - ::1 - - "GET / HTTP/1.1" 200 284 "" "Mozilla/5.0 (Windows NT 10.0; WOW64) AppleWebKit/537.36 (KHTML, like Gecko) Chrome/69.0.3497.100 Safari/537.36"
[2018-11-19T16:09:58.555] [INFO] http - ::1 - - "GET / HTTP/1.1" 200 284 "" "Mozilla/5.0 (Windows NT 10.0; WOW64) AppleWebKit/537.36 (KHTML, like Gecko) Chrome/69.0.3497.100 Safari/537.36"
[2018-11-19T16:09:59.356] [INFO] http - ::1 - - "GET / HTTP/1.1" 200 284 "" "Mozilla/5.0 (Windows NT 10.0; WOW64) AppleWebKit/537.36 (KHTML, like Gecko) Chrome/69.0.3497.100 Safari/537.36"
[2018-11-19T16:09:59.906] [INFO] http - ::1 - - "GET / HTTP/1.1" 200 284 "" "Mozilla/5.0 (Windows NT 10.0; WOW64) AppleWebKit/537.36 (KHTML, like Gecko) Chrome/69.0.3497.100 Safari/537.36"
[2018-11-19T16:10:04.524] [INFO] http - ::1 - - "GET / HTTP/1.1" 200 284 "" "Mozilla/5.0 (Windows NT 10.0; WOW64) AppleWebKit/537.36 (KHTML, like Gecko) Chrome/69.0.3497.100 Safari/537.36"
[2018-11-19T16:13:41.640] [INFO] http - ::1 - - "GET / HTTP/1.1" 200 284 "" "Mozilla/5.0 (Windows NT 10.0; WOW64) AppleWebKit/537.36 (KHTML, like Gecko) Chrome/69.0.3497.100 Safari/537.36"
[2018-11-19T16:13:46.933] [INFO] http - ::1 - - "GET / HTTP/1.1" 200 284 "" "Mozilla/5.0 (Windows NT 10.0; WOW64) AppleWebKit/537.36 (KHTML, like Gecko) Chrome/69.0.3497.100 Safari/537.36"
[2018-11-19T16:13:50.975] [INFO] http - ::1 - - "GET /index HTTP/1.1" 200 8 "" "Mozilla/5.0 (Windows NT 10.0; WOW64) AppleWebKit/537.36 (KHTML, like Gecko) Chrome/69.0.3497.100 Safari/537.36"
[2018-11-19T16:14:03.887] [INFO] http - ::1 - - "GET /js/index.js HTTP/1.1" 200 42 "" "Mozilla/5.0 (Windows NT 10.0; WOW64) AppleWebKit/537.36 (KHTML, like Gecko) Chrome/69.0.3497.100 Safari/537.36"
