2018-11-19 15:37 +08:00: ReferenceError: static is not defined
    at Object.<anonymous> (D:\fuhaoliang\koa2\log4.js:8:5)
    at Module._compile (module.js:652:30)
    at Object.Module._extensions..js (module.js:663:10)
    at Module.load (module.js:565:32)
    at tryModuleLoad (module.js:505:12)
    at Function.Module._load (module.js:497:3)
    at Object.<anonymous> (C:\Users\dell\AppData\Roaming\npm\node_modules\pm2\lib\ProcessContainerFork.js:75:21)
    at Module._compile (module.js:652:30)
    at Object.Module._extensions..js (module.js:663:10)
    at Module.load (module.js:565:32)
2018-11-19 15:37 +08:00: ReferenceError: static is not defined
    at Object.<anonymous> (D:\fuhaoliang\koa2\log4.js:8:5)
    at Module._compile (module.js:652:30)
    at Object.Module._extensions..js (module.js:663:10)
    at Module.load (module.js:565:32)
    at tryModuleLoad (module.js:505:12)
    at Function.Module._load (module.js:497:3)
    at Object.<anonymous> (C:\Users\dell\AppData\Roaming\npm\node_modules\pm2\lib\ProcessContainerFork.js:75:21)
    at Module._compile (module.js:652:30)
    at Object.Module._extensions..js (module.js:663:10)
    at Module.load (module.js:565:32)
2018-11-19 15:37 +08:00: ReferenceError: static is not defined
    at Object.<anonymous> (D:\fuhaoliang\koa2\log4.js:8:5)
    at Module._compile (module.js:652:30)
    at Object.Module._extensions..js (module.js:663:10)
    at Module.load (module.js:565:32)
    at tryModuleLoad (module.js:505:12)
    at Function.Module._load (module.js:497:3)
    at Object.<anonymous> (C:\Users\dell\AppData\Roaming\npm\node_modules\pm2\lib\ProcessContainerFork.js:75:21)
    at Module._compile (module.js:652:30)
    at Object.Module._extensions..js (module.js:663:10)
    at Module.load (module.js:565:32)
2018-11-19 15:37 +08:00: ReferenceError: static is not defined
    at Object.<anonymous> (D:\fuhaoliang\koa2\log4.js:8:5)
    at Module._compile (module.js:652:30)
    at Object.Module._extensions..js (module.js:663:10)
    at Module.load (module.js:565:32)
    at tryModuleLoad (module.js:505:12)
    at Function.Module._load (module.js:497:3)
    at Object.<anonymous> (C:\Users\dell\AppData\Roaming\npm\node_modules\pm2\lib\ProcessContainerFork.js:75:21)
    at Module._compile (module.js:652:30)
    at Object.Module._extensions..js (module.js:663:10)
    at Module.load (module.js:565:32)
2018-11-19 15:37 +08:00: ReferenceError: static is not defined
    at Object.<anonymous> (D:\fuhaoliang\koa2\log4.js:8:5)
    at Module._compile (module.js:652:30)
    at Object.Module._extensions..js (module.js:663:10)
    at Module.load (module.js:565:32)
    at tryModuleLoad (module.js:505:12)
    at Function.Module._load (module.js:497:3)
    at Object.<anonymous> (C:\Users\dell\AppData\Roaming\npm\node_modules\pm2\lib\ProcessContainerFork.js:75:21)
    at Module._compile (module.js:652:30)
    at Object.Module._extensions..js (module.js:663:10)
    at Module.load (module.js:565:32)
2018-11-19 15:37 +08:00: ReferenceError: static is not defined
    at Object.<anonymous> (D:\fuhaoliang\koa2\log4.js:8:5)
    at Module._compile (module.js:652:30)
    at Object.Module._extensions..js (module.js:663:10)
    at Module.load (module.js:565:32)
    at tryModuleLoad (module.js:505:12)
    at Function.Module._load (module.js:497:3)
    at Object.<anonymous> (C:\Users\dell\AppData\Roaming\npm\node_modules\pm2\lib\ProcessContainerFork.js:75:21)
    at Module._compile (module.js:652:30)
    at Object.Module._extensions..js (module.js:663:10)
    at Module.load (module.js:565:32)
2018-11-19 15:37 +08:00: ReferenceError: static is not defined
    at Object.<anonymous> (D:\fuhaoliang\koa2\log4.js:8:5)
    at Module._compile (module.js:652:30)
    at Object.Module._extensions..js (module.js:663:10)
    at Module.load (module.js:565:32)
    at tryModuleLoad (module.js:505:12)
    at Function.Module._load (module.js:497:3)
    at Object.<anonymous> (C:\Users\dell\AppData\Roaming\npm\node_modules\pm2\lib\ProcessContainerFork.js:75:21)
    at Module._compile (module.js:652:30)
    at Object.Module._extensions..js (module.js:663:10)
    at Module.load (module.js:565:32)
2018-11-19 15:37 +08:00: ReferenceError: static is not defined
    at Object.<anonymous> (D:\fuhaoliang\koa2\log4.js:8:5)
    at Module._compile (module.js:652:30)
    at Object.Module._extensions..js (module.js:663:10)
    at Module.load (module.js:565:32)
    at tryModuleLoad (module.js:505:12)
    at Function.Module._load (module.js:497:3)
    at Object.<anonymous> (C:\Users\dell\AppData\Roaming\npm\node_modules\pm2\lib\ProcessContainerFork.js:75:21)
    at Module._compile (module.js:652:30)
    at Object.Module._extensions..js (module.js:663:10)
    at Module.load (module.js:565:32)
2018-11-19 15:37 +08:00: ReferenceError: static is not defined
    at Object.<anonymous> (D:\fuhaoliang\koa2\log4.js:8:5)
    at Module._compile (module.js:652:30)
    at Object.Module._extensions..js (module.js:663:10)
    at Module.load (module.js:565:32)
    at tryModuleLoad (module.js:505:12)
    at Function.Module._load (module.js:497:3)
    at Object.<anonymous> (C:\Users\dell\AppData\Roaming\npm\node_modules\pm2\lib\ProcessContainerFork.js:75:21)
    at Module._compile (module.js:652:30)
    at Object.Module._extensions..js (module.js:663:10)
    at Module.load (module.js:565:32)
2018-11-19 15:37 +08:00: ReferenceError: static is not defined
    at Object.<anonymous> (D:\fuhaoliang\koa2\log4.js:8:5)
    at Module._compile (module.js:652:30)
    at Object.Module._extensions..js (module.js:663:10)
    at Module.load (module.js:565:32)
    at tryModuleLoad (module.js:505:12)
    at Function.Module._load (module.js:497:3)
    at Object.<anonymous> (C:\Users\dell\AppData\Roaming\npm\node_modules\pm2\lib\ProcessContainerFork.js:75:21)
    at Module._compile (module.js:652:30)
    at Object.Module._extensions..js (module.js:663:10)
    at Module.load (module.js:565:32)
2018-11-19 15:37 +08:00: ReferenceError: static is not defined
    at Object.<anonymous> (D:\fuhaoliang\koa2\log4.js:8:5)
    at Module._compile (module.js:652:30)
    at Object.Module._extensions..js (module.js:663:10)
    at Module.load (module.js:565:32)
    at tryModuleLoad (module.js:505:12)
    at Function.Module._load (module.js:497:3)
    at Object.<anonymous> (C:\Users\dell\AppData\Roaming\npm\node_modules\pm2\lib\ProcessContainerFork.js:75:21)
    at Module._compile (module.js:652:30)
    at Object.Module._extensions..js (module.js:663:10)
    at Module.load (module.js:565:32)
2018-11-19 15:37 +08:00: ReferenceError: static is not defined
    at Object.<anonymous> (D:\fuhaoliang\koa2\log4.js:8:5)
    at Module._compile (module.js:652:30)
    at Object.Module._extensions..js (module.js:663:10)
    at Module.load (module.js:565:32)
    at tryModuleLoad (module.js:505:12)
    at Function.Module._load (module.js:497:3)
    at Object.<anonymous> (C:\Users\dell\AppData\Roaming\npm\node_modules\pm2\lib\ProcessContainerFork.js:75:21)
    at Module._compile (module.js:652:30)
    at Object.Module._extensions..js (module.js:663:10)
    at Module.load (module.js:565:32)
2018-11-19 15:37 +08:00: ReferenceError: static is not defined
    at Object.<anonymous> (D:\fuhaoliang\koa2\log4.js:8:5)
    at Module._compile (module.js:652:30)
    at Object.Module._extensions..js (module.js:663:10)
    at Module.load (module.js:565:32)
    at tryModuleLoad (module.js:505:12)
    at Function.Module._load (module.js:497:3)
    at Object.<anonymous> (C:\Users\dell\AppData\Roaming\npm\node_modules\pm2\lib\ProcessContainerFork.js:75:21)
    at Module._compile (module.js:652:30)
    at Object.Module._extensions..js (module.js:663:10)
    at Module.load (module.js:565:32)
2018-11-19 15:37 +08:00: ReferenceError: static is not defined
    at Object.<anonymous> (D:\fuhaoliang\koa2\log4.js:8:5)
    at Module._compile (module.js:652:30)
    at Object.Module._extensions..js (module.js:663:10)
    at Module.load (module.js:565:32)
    at tryModuleLoad (module.js:505:12)
    at Function.Module._load (module.js:497:3)
    at Object.<anonymous> (C:\Users\dell\AppData\Roaming\npm\node_modules\pm2\lib\ProcessContainerFork.js:75:21)
    at Module._compile (module.js:652:30)
    at Object.Module._extensions..js (module.js:663:10)
    at Module.load (module.js:565:32)
2018-11-19 15:37 +08:00: ReferenceError: static is not defined
    at Object.<anonymous> (D:\fuhaoliang\koa2\log4.js:8:5)
    at Module._compile (module.js:652:30)
    at Object.Module._extensions..js (module.js:663:10)
    at Module.load (module.js:565:32)
    at tryModuleLoad (module.js:505:12)
    at Function.Module._load (module.js:497:3)
    at Object.<anonymous> (C:\Users\dell\AppData\Roaming\npm\node_modules\pm2\lib\ProcessContainerFork.js:75:21)
    at Module._compile (module.js:652:30)
    at Object.Module._extensions..js (module.js:663:10)
    at Module.load (module.js:565:32)
2018-11-19 15:37 +08:00: ReferenceError: static is not defined
    at Object.<anonymous> (D:\fuhaoliang\koa2\log4.js:8:5)
    at Module._compile (module.js:652:30)
    at Object.Module._extensions..js (module.js:663:10)
    at Module.load (module.js:565:32)
    at tryModuleLoad (module.js:505:12)
    at Function.Module._load (module.js:497:3)
    at Object.<anonymous> (C:\Users\dell\AppData\Roaming\npm\node_modules\pm2\lib\ProcessContainerFork.js:75:21)
    at Module._compile (module.js:652:30)
    at Object.Module._extensions..js (module.js:663:10)
    at Module.load (module.js:565:32)
2018-11-19 15:38 +08:00: ReferenceError: static is not defined
    at Object.<anonymous> (D:\fuhaoliang\koa2\log4.js:8:5)
    at Module._compile (module.js:652:30)
    at Object.Module._extensions..js (module.js:663:10)
    at Module.load (module.js:565:32)
    at tryModuleLoad (module.js:505:12)
    at Function.Module._load (module.js:497:3)
    at Object.<anonymous> (C:\Users\dell\AppData\Roaming\npm\node_modules\pm2\lib\ProcessContainerFork.js:75:21)
    at Module._compile (module.js:652:30)
    at Object.Module._extensions..js (module.js:663:10)
    at Module.load (module.js:565:32)
2018-11-19 15:38 +08:00: ReferenceError: static is not defined
    at Object.<anonymous> (D:\fuhaoliang\koa2\log4.js:8:5)
    at Module._compile (module.js:652:30)
    at Object.Module._extensions..js (module.js:663:10)
    at Module.load (module.js:565:32)
    at tryModuleLoad (module.js:505:12)
    at Function.Module._load (module.js:497:3)
    at Object.<anonymous> (C:\Users\dell\AppData\Roaming\npm\node_modules\pm2\lib\ProcessContainerFork.js:75:21)
    at Module._compile (module.js:652:30)
    at Object.Module._extensions..js (module.js:663:10)
    at Module.load (module.js:565:32)
2018-11-19 15:38 +08:00: ReferenceError: static is not defined
    at Object.<anonymous> (D:\fuhaoliang\koa2\log4.js:8:5)
    at Module._compile (module.js:652:30)
    at Object.Module._extensions..js (module.js:663:10)
    at Module.load (module.js:565:32)
    at tryModuleLoad (module.js:505:12)
    at Function.Module._load (module.js:497:3)
    at Object.<anonymous> (C:\Users\dell\AppData\Roaming\npm\node_modules\pm2\lib\ProcessContainerFork.js:75:21)
    at Module._compile (module.js:652:30)
    at Object.Module._extensions..js (module.js:663:10)
    at Module.load (module.js:565:32)
2018-11-19 15:38 +08:00: ReferenceError: static is not defined
    at Object.<anonymous> (D:\fuhaoliang\koa2\log4.js:8:5)
    at Module._compile (module.js:652:30)
    at Object.Module._extensions..js (module.js:663:10)
    at Module.load (module.js:565:32)
    at tryModuleLoad (module.js:505:12)
    at Function.Module._load (module.js:497:3)
    at Object.<anonymous> (C:\Users\dell\AppData\Roaming\npm\node_modules\pm2\lib\ProcessContainerFork.js:75:21)
    at Module._compile (module.js:652:30)
    at Object.Module._extensions..js (module.js:663:10)
    at Module.load (module.js:565:32)
2018-11-19 15:38 +08:00: ReferenceError: static is not defined
    at Object.<anonymous> (D:\fuhaoliang\koa2\log4.js:8:5)
    at Module._compile (module.js:652:30)
    at Object.Module._extensions..js (module.js:663:10)
    at Module.load (module.js:565:32)
    at tryModuleLoad (module.js:505:12)
    at Function.Module._load (module.js:497:3)
    at Object.<anonymous> (C:\Users\dell\AppData\Roaming\npm\node_modules\pm2\lib\ProcessContainerFork.js:75:21)
    at Module._compile (module.js:652:30)
    at Object.Module._extensions..js (module.js:663:10)
    at Module.load (module.js:565:32)
2018-11-19 15:38 +08:00: ReferenceError: static is not defined
    at Object.<anonymous> (D:\fuhaoliang\koa2\log4.js:8:5)
    at Module._compile (module.js:652:30)
    at Object.Module._extensions..js (module.js:663:10)
    at Module.load (module.js:565:32)
    at tryModuleLoad (module.js:505:12)
    at Function.Module._load (module.js:497:3)
    at Object.<anonymous> (C:\Users\dell\AppData\Roaming\npm\node_modules\pm2\lib\ProcessContainerFork.js:75:21)
    at Module._compile (module.js:652:30)
    at Object.Module._extensions..js (module.js:663:10)
    at Module.load (module.js:565:32)
2018-11-19 15:38 +08:00: ReferenceError: static is not defined
    at Object.<anonymous> (D:\fuhaoliang\koa2\log4.js:8:5)
    at Module._compile (module.js:652:30)
    at Object.Module._extensions..js (module.js:663:10)
    at Module.load (module.js:565:32)
    at tryModuleLoad (module.js:505:12)
    at Function.Module._load (module.js:497:3)
    at Object.<anonymous> (C:\Users\dell\AppData\Roaming\npm\node_modules\pm2\lib\ProcessContainerFork.js:75:21)
    at Module._compile (module.js:652:30)
    at Object.Module._extensions..js (module.js:663:10)
    at Module.load (module.js:565:32)
2018-11-19 15:38 +08:00: ReferenceError: static is not defined
    at Object.<anonymous> (D:\fuhaoliang\koa2\log4.js:8:5)
    at Module._compile (module.js:652:30)
    at Object.Module._extensions..js (module.js:663:10)
    at Module.load (module.js:565:32)
    at tryModuleLoad (module.js:505:12)
    at Function.Module._load (module.js:497:3)
    at Object.<anonymous> (C:\Users\dell\AppData\Roaming\npm\node_modules\pm2\lib\ProcessContainerFork.js:75:21)
    at Module._compile (module.js:652:30)
    at Object.Module._extensions..js (module.js:663:10)
    at Module.load (module.js:565:32)
2018-11-19 15:38 +08:00: ReferenceError: static is not defined
    at Object.<anonymous> (D:\fuhaoliang\koa2\log4.js:8:5)
    at Module._compile (module.js:652:30)
    at Object.Module._extensions..js (module.js:663:10)
    at Module.load (module.js:565:32)
    at tryModuleLoad (module.js:505:12)
    at Function.Module._load (module.js:497:3)
    at Object.<anonymous> (C:\Users\dell\AppData\Roaming\npm\node_modules\pm2\lib\ProcessContainerFork.js:75:21)
    at Module._compile (module.js:652:30)
    at Object.Module._extensions..js (module.js:663:10)
    at Module.load (module.js:565:32)
2018-11-19 15:38 +08:00: ReferenceError: static is not defined
    at Object.<anonymous> (D:\fuhaoliang\koa2\log4.js:8:5)
    at Module._compile (module.js:652:30)
    at Object.Module._extensions..js (module.js:663:10)
    at Module.load (module.js:565:32)
    at tryModuleLoad (module.js:505:12)
    at Function.Module._load (module.js:497:3)
    at Object.<anonymous> (C:\Users\dell\AppData\Roaming\npm\node_modules\pm2\lib\ProcessContainerFork.js:75:21)
    at Module._compile (module.js:652:30)
    at Object.Module._extensions..js (module.js:663:10)
    at Module.load (module.js:565:32)
2018-11-19 15:38 +08:00: ReferenceError: static is not defined
    at Object.<anonymous> (D:\fuhaoliang\koa2\log4.js:8:5)
    at Module._compile (module.js:652:30)
    at Object.Module._extensions..js (module.js:663:10)
    at Module.load (module.js:565:32)
    at tryModuleLoad (module.js:505:12)
    at Function.Module._load (module.js:497:3)
    at Object.<anonymous> (C:\Users\dell\AppData\Roaming\npm\node_modules\pm2\lib\ProcessContainerFork.js:75:21)
    at Module._compile (module.js:652:30)
    at Object.Module._extensions..js (module.js:663:10)
    at Module.load (module.js:565:32)
2018-11-19 15:38 +08:00: ReferenceError: static is not defined
    at Object.<anonymous> (D:\fuhaoliang\koa2\log4.js:8:5)
    at Module._compile (module.js:652:30)
    at Object.Module._extensions..js (module.js:663:10)
    at Module.load (module.js:565:32)
    at tryModuleLoad (module.js:505:12)
    at Function.Module._load (module.js:497:3)
    at Object.<anonymous> (C:\Users\dell\AppData\Roaming\npm\node_modules\pm2\lib\ProcessContainerFork.js:75:21)
    at Module._compile (module.js:652:30)
    at Object.Module._extensions..js (module.js:663:10)
    at Module.load (module.js:565:32)
2018-11-19 15:38 +08:00: ReferenceError: static is not defined
    at Object.<anonymous> (D:\fuhaoliang\koa2\log4.js:8:5)
    at Module._compile (module.js:652:30)
    at Object.Module._extensions..js (module.js:663:10)
    at Module.load (module.js:565:32)
    at tryModuleLoad (module.js:505:12)
    at Function.Module._load (module.js:497:3)
    at Object.<anonymous> (C:\Users\dell\AppData\Roaming\npm\node_modules\pm2\lib\ProcessContainerFork.js:75:21)
    at Module._compile (module.js:652:30)
    at Object.Module._extensions..js (module.js:663:10)
    at Module.load (module.js:565:32)
2018-11-19 15:38 +08:00: ReferenceError: static is not defined
    at Object.<anonymous> (D:\fuhaoliang\koa2\log4.js:8:5)
    at Module._compile (module.js:652:30)
    at Object.Module._extensions..js (module.js:663:10)
    at Module.load (module.js:565:32)
    at tryModuleLoad (module.js:505:12)
    at Function.Module._load (module.js:497:3)
    at Object.<anonymous> (C:\Users\dell\AppData\Roaming\npm\node_modules\pm2\lib\ProcessContainerFork.js:75:21)
    at Module._compile (module.js:652:30)
    at Object.Module._extensions..js (module.js:663:10)
    at Module.load (module.js:565:32)
2018-11-19 15:38 +08:00: ReferenceError: static is not defined
    at Object.<anonymous> (D:\fuhaoliang\koa2\log4.js:8:5)
    at Module._compile (module.js:652:30)
    at Object.Module._extensions..js (module.js:663:10)
    at Module.load (module.js:565:32)
    at tryModuleLoad (module.js:505:12)
    at Function.Module._load (module.js:497:3)
    at Object.<anonymous> (C:\Users\dell\AppData\Roaming\npm\node_modules\pm2\lib\ProcessContainerFork.js:75:21)
    at Module._compile (module.js:652:30)
    at Object.Module._extensions..js (module.js:663:10)
    at Module.load (module.js:565:32)
2018-11-19 15:38 +08:00: ReferenceError: static is not defined
    at Object.<anonymous> (D:\fuhaoliang\koa2\log4.js:8:5)
    at Module._compile (module.js:652:30)
    at Object.Module._extensions..js (module.js:663:10)
    at Module.load (module.js:565:32)
    at tryModuleLoad (module.js:505:12)
    at Function.Module._load (module.js:497:3)
    at Object.<anonymous> (C:\Users\dell\AppData\Roaming\npm\node_modules\pm2\lib\ProcessContainerFork.js:75:21)
    at Module._compile (module.js:652:30)
    at Object.Module._extensions..js (module.js:663:10)
    at Module.load (module.js:565:32)
2018-11-19 15:50 +08:00: TypeError: log4js.getLogger is not a function
    at Object.<anonymous> (D:\fuhaoliang\koa2\logs\log.js:3:23)
    at Module._compile (module.js:652:30)
    at Object.Module._extensions..js (module.js:663:10)
    at Module.load (module.js:565:32)
    at tryModuleLoad (module.js:505:12)
    at Function.Module._load (module.js:497:3)
    at Module.require (module.js:596:17)
    at require (internal/module.js:11:18)
    at Object.<anonymous> (D:\fuhaoliang\koa2\log4.js:4:19)
    at Module._compile (module.js:652:30)
2018-11-19 15:50 +08:00: TypeError: log4js.getLogger is not a function
    at Object.<anonymous> (D:\fuhaoliang\koa2\logs\log.js:3:23)
    at Module._compile (module.js:652:30)
    at Object.Module._extensions..js (module.js:663:10)
    at Module.load (module.js:565:32)
    at tryModuleLoad (module.js:505:12)
    at Function.Module._load (module.js:497:3)
    at Module.require (module.js:596:17)
    at require (internal/module.js:11:18)
    at Object.<anonymous> (D:\fuhaoliang\koa2\log4.js:4:19)
    at Module._compile (module.js:652:30)
2018-11-19 15:50 +08:00: TypeError: log4js.getLogger is not a function
    at Object.<anonymous> (D:\fuhaoliang\koa2\logs\log.js:3:23)
    at Module._compile (module.js:652:30)
    at Object.Module._extensions..js (module.js:663:10)
    at Module.load (module.js:565:32)
    at tryModuleLoad (module.js:505:12)
    at Function.Module._load (module.js:497:3)
    at Module.require (module.js:596:17)
    at require (internal/module.js:11:18)
    at Object.<anonymous> (D:\fuhaoliang\koa2\log4.js:4:19)
    at Module._compile (module.js:652:30)
2018-11-19 15:50 +08:00: TypeError: log4js.getLogger is not a function
    at Object.<anonymous> (D:\fuhaoliang\koa2\logs\log.js:3:23)
    at Module._compile (module.js:652:30)
    at Object.Module._extensions..js (module.js:663:10)
    at Module.load (module.js:565:32)
    at tryModuleLoad (module.js:505:12)
    at Function.Module._load (module.js:497:3)
    at Module.require (module.js:596:17)
    at require (internal/module.js:11:18)
    at Object.<anonymous> (D:\fuhaoliang\koa2\log4.js:4:19)
    at Module._compile (module.js:652:30)
2018-11-19 15:50 +08:00: TypeError: log4js.getLogger is not a function
    at Object.<anonymous> (D:\fuhaoliang\koa2\logs\log.js:3:23)
    at Module._compile (module.js:652:30)
    at Object.Module._extensions..js (module.js:663:10)
    at Module.load (module.js:565:32)
    at tryModuleLoad (module.js:505:12)
    at Function.Module._load (module.js:497:3)
    at Module.require (module.js:596:17)
    at require (internal/module.js:11:18)
    at Object.<anonymous> (D:\fuhaoliang\koa2\log4.js:4:19)
    at Module._compile (module.js:652:30)
2018-11-19 15:50 +08:00: TypeError: log4js.getLogger is not a function
    at Object.<anonymous> (D:\fuhaoliang\koa2\logs\log.js:3:23)
    at Module._compile (module.js:652:30)
    at Object.Module._extensions..js (module.js:663:10)
    at Module.load (module.js:565:32)
    at tryModuleLoad (module.js:505:12)
    at Function.Module._load (module.js:497:3)
    at Module.require (module.js:596:17)
    at require (internal/module.js:11:18)
    at Object.<anonymous> (D:\fuhaoliang\koa2\log4.js:4:19)
    at Module._compile (module.js:652:30)
2018-11-19 15:50 +08:00: TypeError: log4js.getLogger is not a function
    at Object.<anonymous> (D:\fuhaoliang\koa2\logs\log.js:3:23)
    at Module._compile (module.js:652:30)
    at Object.Module._extensions..js (module.js:663:10)
    at Module.load (module.js:565:32)
    at tryModuleLoad (module.js:505:12)
    at Function.Module._load (module.js:497:3)
    at Module.require (module.js:596:17)
    at require (internal/module.js:11:18)
    at Object.<anonymous> (D:\fuhaoliang\koa2\log4.js:4:19)
    at Module._compile (module.js:652:30)
2018-11-19 15:50 +08:00: TypeError: log4js.getLogger is not a function
    at Object.<anonymous> (D:\fuhaoliang\koa2\logs\log.js:3:23)
    at Module._compile (module.js:652:30)
    at Object.Module._extensions..js (module.js:663:10)
    at Module.load (module.js:565:32)
    at tryModuleLoad (module.js:505:12)
    at Function.Module._load (module.js:497:3)
    at Module.require (module.js:596:17)
    at require (internal/module.js:11:18)
    at Object.<anonymous> (D:\fuhaoliang\koa2\log4.js:4:19)
    at Module._compile (module.js:652:30)
2018-11-19 15:50 +08:00: TypeError: log4js.getLogger is not a function
    at Object.<anonymous> (D:\fuhaoliang\koa2\logs\log.js:3:23)
    at Module._compile (module.js:652:30)
    at Object.Module._extensions..js (module.js:663:10)
    at Module.load (module.js:565:32)
    at tryModuleLoad (module.js:505:12)
    at Function.Module._load (module.js:497:3)
    at Module.require (module.js:596:17)
    at require (internal/module.js:11:18)
    at Object.<anonymous> (D:\fuhaoliang\koa2\log4.js:4:19)
    at Module._compile (module.js:652:30)
2018-11-19 15:50 +08:00: TypeError: log4js.getLogger is not a function
    at Object.<anonymous> (D:\fuhaoliang\koa2\logs\log.js:3:23)
    at Module._compile (module.js:652:30)
    at Object.Module._extensions..js (module.js:663:10)
    at Module.load (module.js:565:32)
    at tryModuleLoad (module.js:505:12)
    at Function.Module._load (module.js:497:3)
    at Module.require (module.js:596:17)
    at require (internal/module.js:11:18)
    at Object.<anonymous> (D:\fuhaoliang\koa2\log4.js:4:19)
    at Module._compile (module.js:652:30)
2018-11-19 15:50 +08:00: TypeError: log4js.getLogger is not a function
    at Object.<anonymous> (D:\fuhaoliang\koa2\logs\log.js:3:23)
    at Module._compile (module.js:652:30)
    at Object.Module._extensions..js (module.js:663:10)
    at Module.load (module.js:565:32)
    at tryModuleLoad (module.js:505:12)
    at Function.Module._load (module.js:497:3)
    at Module.require (module.js:596:17)
    at require (internal/module.js:11:18)
    at Object.<anonymous> (D:\fuhaoliang\koa2\log4.js:4:19)
    at Module._compile (module.js:652:30)
2018-11-19 15:50 +08:00: TypeError: log4js.getLogger is not a function
    at Object.<anonymous> (D:\fuhaoliang\koa2\logs\log.js:3:23)
    at Module._compile (module.js:652:30)
    at Object.Module._extensions..js (module.js:663:10)
    at Module.load (module.js:565:32)
    at tryModuleLoad (module.js:505:12)
    at Function.Module._load (module.js:497:3)
    at Module.require (module.js:596:17)
    at require (internal/module.js:11:18)
    at Object.<anonymous> (D:\fuhaoliang\koa2\log4.js:4:19)
    at Module._compile (module.js:652:30)
2018-11-19 15:50 +08:00: TypeError: log4js.getLogger is not a function
    at Object.<anonymous> (D:\fuhaoliang\koa2\logs\log.js:3:23)
    at Module._compile (module.js:652:30)
    at Object.Module._extensions..js (module.js:663:10)
    at Module.load (module.js:565:32)
    at tryModuleLoad (module.js:505:12)
    at Function.Module._load (module.js:497:3)
    at Module.require (module.js:596:17)
    at require (internal/module.js:11:18)
    at Object.<anonymous> (D:\fuhaoliang\koa2\log4.js:4:19)
    at Module._compile (module.js:652:30)
2018-11-19 15:50 +08:00: TypeError: log4js.getLogger is not a function
    at Object.<anonymous> (D:\fuhaoliang\koa2\logs\log.js:3:23)
    at Module._compile (module.js:652:30)
    at Object.Module._extensions..js (module.js:663:10)
    at Module.load (module.js:565:32)
    at tryModuleLoad (module.js:505:12)
    at Function.Module._load (module.js:497:3)
    at Module.require (module.js:596:17)
    at require (internal/module.js:11:18)
    at Object.<anonymous> (D:\fuhaoliang\koa2\log4.js:4:19)
    at Module._compile (module.js:652:30)
2018-11-19 15:50 +08:00: TypeError: log4js.getLogger is not a function
    at Object.<anonymous> (D:\fuhaoliang\koa2\logs\log.js:3:23)
    at Module._compile (module.js:652:30)
    at Object.Module._extensions..js (module.js:663:10)
    at Module.load (module.js:565:32)
    at tryModuleLoad (module.js:505:12)
    at Function.Module._load (module.js:497:3)
    at Module.require (module.js:596:17)
    at require (internal/module.js:11:18)
    at Object.<anonymous> (D:\fuhaoliang\koa2\log4.js:4:19)
    at Module._compile (module.js:652:30)
2018-11-19 15:50 +08:00: TypeError: log4js.getLogger is not a function
    at Object.<anonymous> (D:\fuhaoliang\koa2\logs\log.js:3:23)
    at Module._compile (module.js:652:30)
    at Object.Module._extensions..js (module.js:663:10)
    at Module.load (module.js:565:32)
    at tryModuleLoad (module.js:505:12)
    at Function.Module._load (module.js:497:3)
    at Module.require (module.js:596:17)
    at require (internal/module.js:11:18)
    at Object.<anonymous> (D:\fuhaoliang\koa2\log4.js:4:19)
    at Module._compile (module.js:652:30)
2018-11-19 15:56 +08:00: Error: Cannot find module './logs/log.js'
    at Function.Module._resolveFilename (module.js:547:15)
    at Function.Module._load (module.js:474:25)
    at Module.require (module.js:596:17)
    at require (internal/module.js:11:18)
    at Object.<anonymous> (D:\fuhaoliang\koa2\log4.js:4:19)
    at Module._compile (module.js:652:30)
    at Object.Module._extensions..js (module.js:663:10)
    at Module.load (module.js:565:32)
    at tryModuleLoad (module.js:505:12)
    at Function.Module._load (module.js:497:3)
2018-11-19 15:56 +08:00: Error: Cannot find module './logs/log.js'
    at Function.Module._resolveFilename (module.js:547:15)
    at Function.Module._load (module.js:474:25)
    at Module.require (module.js:596:17)
    at require (internal/module.js:11:18)
    at Object.<anonymous> (D:\fuhaoliang\koa2\log4.js:4:19)
    at Module._compile (module.js:652:30)
    at Object.Module._extensions..js (module.js:663:10)
    at Module.load (module.js:565:32)
    at tryModuleLoad (module.js:505:12)
    at Function.Module._load (module.js:497:3)
2018-11-19 15:56 +08:00: Error: Cannot find module './logs/log.js'
    at Function.Module._resolveFilename (module.js:547:15)
    at Function.Module._load (module.js:474:25)
    at Module.require (module.js:596:17)
    at require (internal/module.js:11:18)
    at Object.<anonymous> (D:\fuhaoliang\koa2\log4.js:4:19)
    at Module._compile (module.js:652:30)
    at Object.Module._extensions..js (module.js:663:10)
    at Module.load (module.js:565:32)
    at tryModuleLoad (module.js:505:12)
    at Function.Module._load (module.js:497:3)
2018-11-19 15:56 +08:00: Error: Cannot find module './logs/log.js'
    at Function.Module._resolveFilename (module.js:547:15)
    at Function.Module._load (module.js:474:25)
    at Module.require (module.js:596:17)
    at require (internal/module.js:11:18)
    at Object.<anonymous> (D:\fuhaoliang\koa2\log4.js:4:19)
    at Module._compile (module.js:652:30)
    at Object.Module._extensions..js (module.js:663:10)
    at Module.load (module.js:565:32)
    at tryModuleLoad (module.js:505:12)
    at Function.Module._load (module.js:497:3)
2018-11-19 15:56 +08:00: Error: Cannot find module './logs/log.js'
    at Function.Module._resolveFilename (module.js:547:15)
    at Function.Module._load (module.js:474:25)
    at Module.require (module.js:596:17)
    at require (internal/module.js:11:18)
    at Object.<anonymous> (D:\fuhaoliang\koa2\log4.js:4:19)
    at Module._compile (module.js:652:30)
    at Object.Module._extensions..js (module.js:663:10)
    at Module.load (module.js:565:32)
    at tryModuleLoad (module.js:505:12)
    at Function.Module._load (module.js:497:3)
2018-11-19 15:56 +08:00: Error: Cannot find module './logs/log.js'
    at Function.Module._resolveFilename (module.js:547:15)
    at Function.Module._load (module.js:474:25)
    at Module.require (module.js:596:17)
    at require (internal/module.js:11:18)
    at Object.<anonymous> (D:\fuhaoliang\koa2\log4.js:4:19)
    at Module._compile (module.js:652:30)
    at Object.Module._extensions..js (module.js:663:10)
    at Module.load (module.js:565:32)
    at tryModuleLoad (module.js:505:12)
    at Function.Module._load (module.js:497:3)
2018-11-19 15:56 +08:00: Error: Cannot find module './logs/log.js'
    at Function.Module._resolveFilename (module.js:547:15)
    at Function.Module._load (module.js:474:25)
    at Module.require (module.js:596:17)
    at require (internal/module.js:11:18)
    at Object.<anonymous> (D:\fuhaoliang\koa2\log4.js:4:19)
    at Module._compile (module.js:652:30)
    at Object.Module._extensions..js (module.js:663:10)
    at Module.load (module.js:565:32)
    at tryModuleLoad (module.js:505:12)
    at Function.Module._load (module.js:497:3)
2018-11-19 15:56 +08:00: Error: Cannot find module './logs/log.js'
    at Function.Module._resolveFilename (module.js:547:15)
    at Function.Module._load (module.js:474:25)
    at Module.require (module.js:596:17)
    at require (internal/module.js:11:18)
    at Object.<anonymous> (D:\fuhaoliang\koa2\log4.js:4:19)
    at Module._compile (module.js:652:30)
    at Object.Module._extensions..js (module.js:663:10)
    at Module.load (module.js:565:32)
    at tryModuleLoad (module.js:505:12)
    at Function.Module._load (module.js:497:3)
2018-11-19 15:56 +08:00: Error: Cannot find module './logs/log.js'
    at Function.Module._resolveFilename (module.js:547:15)
    at Function.Module._load (module.js:474:25)
    at Module.require (module.js:596:17)
    at require (internal/module.js:11:18)
    at Object.<anonymous> (D:\fuhaoliang\koa2\log4.js:4:19)
    at Module._compile (module.js:652:30)
    at Object.Module._extensions..js (module.js:663:10)
    at Module.load (module.js:565:32)
    at tryModuleLoad (module.js:505:12)
    at Function.Module._load (module.js:497:3)
2018-11-19 15:56 +08:00: Error: Cannot find module './logs/log.js'
    at Function.Module._resolveFilename (module.js:547:15)
    at Function.Module._load (module.js:474:25)
    at Module.require (module.js:596:17)
    at require (internal/module.js:11:18)
    at Object.<anonymous> (D:\fuhaoliang\koa2\log4.js:4:19)
    at Module._compile (module.js:652:30)
    at Object.Module._extensions..js (module.js:663:10)
    at Module.load (module.js:565:32)
    at tryModuleLoad (module.js:505:12)
    at Function.Module._load (module.js:497:3)
2018-11-19 15:56 +08:00: Error: Cannot find module './logs/log.js'
    at Function.Module._resolveFilename (module.js:547:15)
    at Function.Module._load (module.js:474:25)
    at Module.require (module.js:596:17)
    at require (internal/module.js:11:18)
    at Object.<anonymous> (D:\fuhaoliang\koa2\log4.js:4:19)
    at Module._compile (module.js:652:30)
    at Object.Module._extensions..js (module.js:663:10)
    at Module.load (module.js:565:32)
    at tryModuleLoad (module.js:505:12)
    at Function.Module._load (module.js:497:3)
2018-11-19 15:56 +08:00: Error: Cannot find module './logs/log.js'
    at Function.Module._resolveFilename (module.js:547:15)
    at Function.Module._load (module.js:474:25)
    at Module.require (module.js:596:17)
    at require (internal/module.js:11:18)
    at Object.<anonymous> (D:\fuhaoliang\koa2\log4.js:4:19)
    at Module._compile (module.js:652:30)
    at Object.Module._extensions..js (module.js:663:10)
    at Module.load (module.js:565:32)
    at tryModuleLoad (module.js:505:12)
    at Function.Module._load (module.js:497:3)
2018-11-19 15:56 +08:00: Error: Cannot find module './logs/log.js'
    at Function.Module._resolveFilename (module.js:547:15)
    at Function.Module._load (module.js:474:25)
    at Module.require (module.js:596:17)
    at require (internal/module.js:11:18)
    at Object.<anonymous> (D:\fuhaoliang\koa2\log4.js:4:19)
    at Module._compile (module.js:652:30)
    at Object.Module._extensions..js (module.js:663:10)
    at Module.load (module.js:565:32)
    at tryModuleLoad (module.js:505:12)
    at Function.Module._load (module.js:497:3)
2018-11-19 15:56 +08:00: Error: Cannot find module './logs/log.js'
    at Function.Module._resolveFilename (module.js:547:15)
    at Function.Module._load (module.js:474:25)
    at Module.require (module.js:596:17)
    at require (internal/module.js:11:18)
    at Object.<anonymous> (D:\fuhaoliang\koa2\log4.js:4:19)
    at Module._compile (module.js:652:30)
    at Object.Module._extensions..js (module.js:663:10)
    at Module.load (module.js:565:32)
    at tryModuleLoad (module.js:505:12)
    at Function.Module._load (module.js:497:3)
2018-11-19 15:56 +08:00: Error: Cannot find module './logs/log.js'
    at Function.Module._resolveFilename (module.js:547:15)
    at Function.Module._load (module.js:474:25)
    at Module.require (module.js:596:17)
    at require (internal/module.js:11:18)
    at Object.<anonymous> (D:\fuhaoliang\koa2\log4.js:4:19)
    at Module._compile (module.js:652:30)
    at Object.Module._extensions..js (module.js:663:10)
    at Module.load (module.js:565:32)
    at tryModuleLoad (module.js:505:12)
    at Function.Module._load (module.js:497:3)
2018-11-19 15:56 +08:00: Error: Cannot find module './logs/log.js'
    at Function.Module._resolveFilename (module.js:547:15)
    at Function.Module._load (module.js:474:25)
    at Module.require (module.js:596:17)
    at require (internal/module.js:11:18)
    at Object.<anonymous> (D:\fuhaoliang\koa2\log4.js:4:19)
    at Module._compile (module.js:652:30)
    at Object.Module._extensions..js (module.js:663:10)
    at Module.load (module.js:565:32)
    at tryModuleLoad (module.js:505:12)
    at Function.Module._load (module.js:497:3)
