2018-11-19 15:32 +08:00: [32m[2018-11-19T15:32:31.137] [INFO] app - [39mGET / - 2ms
2018-11-19 15:32 +08:00: [32m[2018-11-19T15:32:47.655] [INFO] app - [39mGET / - 0ms
2018-11-19 15:32 +08:00: [32m[2018-11-19T15:32:48.430] [INFO] app - [39mGET / - 0ms
2018-11-19 15:32 +08:00: [32m[2018-11-19T15:32:48.809] [INFO] app - [39mGET / - 0ms
2018-11-19 15:32 +08:00: [32m[2018-11-19T15:32:49.001] [INFO] app - [39mGET / - 1ms
2018-11-19 15:32 +08:00: [32m[2018-11-19T15:32:49.201] [INFO] app - [39mGET / - 0ms
2018-11-19 15:33 +08:00: [32m[2018-11-19T15:33:04.974] [INFO] app - [39mGET / - 1ms
2018-11-19 15:33 +08:00: [32m[2018-11-19T15:33:05.996] [INFO] app - [39mGET / - 0ms
2018-11-19 15:33 +08:00: [32m[2018-11-19T15:33:06.349] [INFO] app - [39mGET / - 0ms
2018-11-19 15:33 +08:00: [32m[2018-11-19T15:33:06.537] [INFO] app - [39mGET / - 0ms
2018-11-19 15:33 +08:00: [32m[2018-11-19T15:33:06.729] [INFO] app - [39mGET / - 0ms
2018-11-19 15:44 +08:00: [32m[2018-11-19T15:44:47.815] [INFO] app - [39mGET /aa - 0ms
2018-11-19 15:45 +08:00: [32m[2018-11-19T15:45:22.656] [INFO] app - [39mGET /aa - 2ms
2018-11-19 15:45 +08:00: [32m[2018-11-19T15:45:49.485] [INFO] app - [39mGET /js/ - 0ms
2018-11-19 15:45 +08:00: [32m[2018-11-19T15:45:52.427] [INFO] app - [39mGET /js/index - 0ms
2018-11-19 16:02 +08:00: [32m[2018-11-19T16:02:14.384] [INFO] app - [39mGET /index - 0ms
2018-11-19 16:02 +08:00: [32m[2018-11-19T16:02:16.030] [INFO] app - [39mGET /asdf - 0ms
2018-11-19 16:02 +08:00: [32m[2018-11-19T16:02:17.419] [INFO] app - [39mGET /asdf - 0ms
2018-11-19 16:04 +08:00: [32m[2018-11-19T16:04:39.293] [INFO] app - [39mGET /asdfsaf - 0ms
2018-11-19 16:05 +08:00: [32m[2018-11-19T16:05:25.497] [INFO] app - [39mGET /asdfsaf - 6ms
2018-11-19 16:05 +08:00: [32m[2018-11-19T16:05:26.841] [INFO] app - [39mGET /asdfsaf - 1ms
2018-11-19 16:05 +08:00: [32m[2018-11-19T16:05:31.771] [INFO] app - [39mGET / - 1ms
2018-11-19 16:05 +08:00: [32m[2018-11-19T16:05:39.317] [INFO] app - [39mGET / - 1ms
2018-11-19 16:06 +08:00: [32m[2018-11-19T16:06:04.542] [INFO] app - [39mGET /index - 1ms
2018-11-19 16:06 +08:00: [32m[2018-11-19T16:06:08.629] [INFO] app - [39mGET /index - 0ms
2018-11-19 16:06 +08:00: [32m[2018-11-19T16:06:26.980] [INFO] app - [39mGET /asdf - 0ms
2018-11-19 16:07 +08:00: [32m[2018-11-19T16:07:02.100] [INFO] app - [39mGET /asdf - 0ms2018-11-19 16:08 +08:00: [32m[2018-11-19T16:08:19.040] [INFO] app - [39mGET /asdf - 0ms
2018-11-19 16:08 +08:00: [32m[2018-11-19T16:08:29.427] [INFO] app - [39mGET /asdf - 0ms
2018-11-19 16:08 +08:00: [32m[2018-11-19T16:08:30.011] [INFO] app - [39mGET /asdf - 0ms
2018-11-19 16:13 +08:00: [32m[2018-11-19T16:13:41.638] [INFO] app - [39mGET / - 7ms
2018-11-19 16:13 +08:00: [32m[2018-11-19T16:13:46.933] [INFO] app - [39mGET / - 1ms
2018-11-19 16:13 +08:00: [32m[2018-11-19T16:13:50.974] [INFO] app - [39mGET /index - 1ms
2018-11-19 16:14 +08:00: [32m[2018-11-19T16:14:03.887] [INFO] app - [39mGET /js/index.js - 1ms
2018-11-19 18:53 +08:00: [32m[2018-11-19T18:53:57.522] [INFO] app - [39mGET / - 4ms
